{"message":"Unauthorized request to path: /","level":"error"}
{"message":"Unauthorized request to path: /","level":"error"}
{"message":"Unauthorized request to path: /","level":"error"}
{"message":"Unauthorized request to path: /bookmarks","level":"error"}
{"message":"Unauthorized request to path: /bookmarks","level":"error"}
{"message":"Unauthorized request to path: /bookmarks","level":"error"}
{"message":"Unauthorized request to path: /bookmarks","level":"error"}
{"message":"Unauthorized request to path: /bookmarks","level":"error"}
{"message":"Unauthorized request to path: /bookmarks","level":"error"}
{"message":"Unauthorized request to path: /bookmarks","level":"error"}
{"message":"Unauthorized request to path: /bookmarks","level":"error"}
{"message":"Unauthorized request to path: /bookmarks","level":"error"}
{"message":"title required!","level":"error"}
{"message":"Unauthorized request to path: /bookmarks","level":"error"}
{"message":"Unauthorized request to path: /bookmarks","level":"error"}
{"message":"Unauthorized request to path: /bookmarks","level":"error"}
{"message":"title is not defined","level":"error"}
{"message":"Unauthorized request to path: /bookmarks","level":"error"}
{"message":"title is not defined","level":"error"}
{"message":"Unauthorized request to path: /bookmarks","level":"error"}
{"message":"BOOKMARKS is not defined","level":"error"}
{"message":"Unauthorized request to path: /bookmarks","level":"error"}
{"message":"bookmarks.push is not a function","level":"error"}
{"message":"Unauthorized request to path: /bookmarks","level":"error"}
{"message":"bookmark is not defined","level":"error"}
{"message":"Unauthorized request to path: /bookmarks","level":"error"}
{"message":"Bookmark successfully added - hello , ef2952b0-2b16-4222-a1eb-bb29bb960415","level":"info"}
{"message":"bookmark is not defined","level":"error"}
{"message":"Unauthorized request to path: /bookmarks","level":"error"}
{"message":"Bookmark successfully added - hello , 7758291a-4929-492f-b194-8960edc113e3","level":"info"}
{"message":"Unauthorized request to path: /bookmarks","level":"error"}
{"message":"Unauthorized request to path: /bookmarks/1","level":"error"}
{"message":"Bookmark ID doesn't exist!","level":"error"}
{"message":"Unauthorized request to path: /bookmarks/1","level":"error"}
{"message":"bookmark is not defined","level":"error"}
{"message":"Unauthorized request to path: /bookmarks/1","level":"error"}
{"message":"Cannot access 'bookmarkId' before initialization","level":"error"}
{"message":"Unauthorized request to path: /bookmarks/1","level":"error"}
{"message":"Bookmark sucessfully deleted - hello , 1 ","level":"info"}
{"message":"Unauthorized request to path: /bookmarks/1","level":"error"}
{"message":"Bookmark not found - check ID","level":"error"}
{"message":"Unauthorized request to path: /bookmarks","level":"error"}
{"message":"Unauthorized request to path: /bookmarks/2","level":"error"}
{"message":"Bookmark ID doesn't exist!","level":"error"}
